   Compiling giro-desktop v2.1.1 (/home/jhonslife/CICLOGIRO/GIRO/apps/desktop/src-tauri)
    Finished `test` profile [unoptimized + debuginfo] target(s) in 13.81s
     Running unittests src/lib.rs (target/debug/deps/giro_lib-dd599cbb8afeccd6)

running 2 tests
test services::enterprise::tests::test_approve_request_reserves_stock ... FAILED
test services::enterprise::tests::test_deliver_material_request ... FAILED

failures:

---- services::enterprise::tests::test_approve_request_reserves_stock stdout ----
StockBalance Column: id
StockBalance Column: location_id
StockBalance Column: product_id
StockBalance Column: quantity
StockBalance Column: reserved_qty
StockBalance Column: min_qty
StockBalance Column: max_qty
StockBalance Column: last_count_date
StockBalance Column: last_count_qty
StockBalance Column: created_at
StockBalance Column: updated_at

thread 'services::enterprise::tests::test_approve_request_reserves_stock' (54089) panicked at src/services/enterprise.rs:284:9:
assertion `left == right` failed
  left: 0.0
 right: 10.0
note: run with `RUST_BACKTRACE=1` environment variable to display a backtrace

---- services::enterprise::tests::test_deliver_material_request stdout ----
StockBalance Column: id
StockBalance Column: location_id
StockBalance Column: product_id
StockBalance Column: quantity
StockBalance Column: reserved_qty
StockBalance Column: min_qty
StockBalance Column: max_qty
StockBalance Column: last_count_date
StockBalance Column: last_count_qty
StockBalance Column: created_at
StockBalance Column: updated_at

thread 'services::enterprise::tests::test_deliver_material_request' (54090) panicked at src/services/enterprise.rs:334:9:
assertion `left == right` failed
  left: 100.0
 right: 90.0


failures:
    services::enterprise::tests::test_approve_request_reserves_stock
    services::enterprise::tests::test_deliver_material_request

test result: FAILED. 0 passed; 2 failed; 0 ignored; 0 measured; 201 filtered out; finished in 0.53s

error: test failed, to rerun pass `--lib`
