   Compiling giro-desktop v2.1.1 (/home/jhonslife/CICLOGIRO/GIRO/apps/desktop/src-tauri)
    Finished `test` profile [unoptimized + debuginfo] target(s) in 50.18s
     Running unittests src/lib.rs (target/debug/deps/giro_lib-dd599cbb8afeccd6)

running 2 tests
StockBalance Column: id
StockBalance Column: location_id
StockBalance Column: product_id
StockBalance Column: quantity
StockBalance Column: reserved_qty
StockBalance Column: min_qty
StockBalance Column: max_qty
StockBalance Column: last_count_date
StockBalance Column: last_count_qty
StockBalance Column: created_at
StockBalance Column: updated_at
StockBalance Column: id
StockBalance Column: location_id
StockBalance Column: product_id
StockBalance Column: quantity
StockBalance Column: reserved_qty
StockBalance Column: min_qty
StockBalance Column: max_qty
StockBalance Column: last_count_date
StockBalance Column: last_count_qty
StockBalance Column: created_at
StockBalance Column: updated_at

thread 'services::enterprise::tests::test_approve_request_reserves_stock' (10228) panicked at src/services/enterprise.rs:254:14:
called `Result::unwrap()` on an `Err` value: Database(SqliteError { code: 1, message: "table material_requests has no column named requested_at" })
note: run with `RUST_BACKTRACE=1` environment variable to display a backtrace
test services::enterprise::tests::test_approve_request_reserves_stock ... FAILED

thread 'services::enterprise::tests::test_deliver_material_request' (10229) panicked at src/services/enterprise.rs:298:14:
called `Result::unwrap()` on an `Err` value: Database(SqliteError { code: 1, message: "table material_requests has no column named requested_at" })
test services::enterprise::tests::test_deliver_material_request ... FAILED

failures:

failures:
    services::enterprise::tests::test_approve_request_reserves_stock
    services::enterprise::tests::test_deliver_material_request

test result: FAILED. 0 passed; 2 failed; 0 ignored; 0 measured; 201 filtered out; finished in 0.46s

error: test failed, to rerun pass `--lib`
