    Blocking waiting for file lock on artifact directory
   Compiling giro-desktop v2.1.1 (/home/jhonslife/CICLOGIRO/GIRO/apps/desktop/src-tauri)
    Finished `test` profile [unoptimized + debuginfo] target(s) in 25.56s
     Running unittests src/lib.rs (target/debug/deps/giro_lib-dd599cbb8afeccd6)

running 2 tests
test services::enterprise::tests::test_approve_request_reserves_stock ... FAILED
test services::enterprise::tests::test_deliver_material_request ... FAILED

failures:

---- services::enterprise::tests::test_approve_request_reserves_stock stdout ----

thread 'services::enterprise::tests::test_approve_request_reserves_stock' (43994) panicked at src/services/enterprise.rs:220:214:
called `Result::unwrap()` on an `Err` value: Database(SqliteError { code: 1, message: "table stock_balances has no column named reserved_quantity" })
note: run with `RUST_BACKTRACE=1` environment variable to display a backtrace

---- services::enterprise::tests::test_deliver_material_request stdout ----

thread 'services::enterprise::tests::test_deliver_material_request' (43995) panicked at src/services/enterprise.rs:220:214:
called `Result::unwrap()` on an `Err` value: Database(SqliteError { code: 1, message: "table stock_balances has no column named reserved_quantity" })


failures:
    services::enterprise::tests::test_approve_request_reserves_stock
    services::enterprise::tests::test_deliver_material_request

test result: FAILED. 0 passed; 2 failed; 0 ignored; 0 measured; 201 filtered out; finished in 0.45s

error: test failed, to rerun pass `--lib`
